<?xml version="1.0" encoding="UTF-8"?>
<testsuite xmlns:xsi="http://www.w3.org/2001/XMLSchema-instance" xsi:noNamespaceSchemaLocation="https://maven.apache.org/surefire/maven-surefire-plugin/xsd/surefire-test-report-3.0.xsd" version="3.0" name="com.mycompany.tu_insset.NombrePremier.NombrePremierTest" time="1.172" tests="9" errors="0" skipped="0" failures="0">
  <properties>
[...]
</properties>
  <testcase name="testIsPremierOK" classname="com.mycompany.tu_insset.NombrePremier.NombrePremierTest" time="0.197"/>
  <testcase name="testIsNombreValideKONull" classname="com.mycompany.tu_insset.NombrePremier.NombrePremierTest" time="0.039"/>
  <testcase name="testIsPremierNOK" classname="com.mycompany.tu_insset.NombrePremier.NombrePremierTest" time="0.028"/>
  <testcase name="testIsNombreValideKOLimit" classname="com.mycompany.tu_insset.NombrePremier.NombrePremierTest" time="0.01"/>
  <testcase name="testIsPremierLimit" classname="com.mycompany.tu_insset.NombrePremier.NombrePremierTest" time="0.012"/>
  <testcase name="testFormaterResultNOK" classname="com.mycompany.tu_insset.NombrePremier.NombrePremierTest" time="0.038"/>
  <testcase name="testIsNombreValideKO" classname="com.mycompany.tu_insset.NombrePremier.NombrePremierTest" time="0.02"/>
  <testcase name="testIsNombreValideOK" classname="com.mycompany.tu_insset.NombrePremier.NombrePremierTest" time="0.041"/>
  <testcase name="testFormaterResultOK" classname="com.mycompany.tu_insset.NombrePremier.NombrePremierTest" time="0.023"/>
</testsuite>